-------------------------------------------------------------------------------
>Log Session: Wednesday, September 12, 2012 10:27:43 AM CEST
>System Info: 
  Product Version         = Undocked Window 201207171143
  Operating System        = Mac OS X version 10.8.1 running on x86_64
  Java; VM; Vendor        = 1.6.0_35; Java HotSpot(TM) 64-Bit Server VM 20.10-b01-428; Apple Inc.
  Runtime                 = Java(TM) SE Runtime Environment 1.6.0_35-b10-428-11M3811
  Java Home               = /System/Library/Java/JavaVirtualMachines/1.6.0.jdk/Contents/Home
  System Locale; Encoding = de_DE (undocked_window); MacRoman
  Home Directory          = /Users/antonepple
  Current Directory       = /Users/antonepple/NetBeansProjects/netbeans-examples/Window System API/Undocked Window/Undocked Window Example
  User Directory          = /Users/antonepple/NetBeansProjects/netbeans-examples/Window
  Cache Directory         = /Users/antonepple/NetBeansProjects/netbeans-examples/Window/var/cache
  Installation            = /Users/antonepple/NetBeansProjects/netbeans-examples/Window System API/Undocked Window/build/cluster
                            /Applications/NetBeans/NetBeans 7.2.app/Contents/Resources/NetBeans/platform
                            /Applications/NetBeans/NetBeans 7.2.app/Contents/Resources/NetBeans/platform
  Boot & Ext. Classpath   = /System/Library/Java/JavaVirtualMachines/1.6.0.jdk/Contents/Classes/jsfd.jar:/System/Library/Java/JavaVirtualMachines/1.6.0.jdk/Contents/Classes/classes.jar:/System/Library/Frameworks/JavaVM.framework/Frameworks/JavaRuntimeSupport.framework/Resources/Java/JavaRuntimeSupport.jar:/System/Library/Java/JavaVirtualMachines/1.6.0.jdk/Contents/Classes/ui.jar:/System/Library/Java/JavaVirtualMachines/1.6.0.jdk/Contents/Classes/laf.jar:/System/Library/Java/JavaVirtualMachines/1.6.0.jdk/Contents/Classes/sunrsasign.jar:/System/Library/Java/JavaVirtualMachines/1.6.0.jdk/Contents/Classes/jsse.jar:/System/Library/Java/JavaVirtualMachines/1.6.0.jdk/Contents/Classes/jce.jar:/System/Library/Java/JavaVirtualMachines/1.6.0.jdk/Contents/Classes/charsets.jar:/System/Library/Java/Extensions/AppleScriptEngine.jar:/System/Library/Java/Extensions/dns_sd.jar:/System/Library/Java/Extensions/j3daudio.jar:/System/Library/Java/Extensions/j3dcore.jar:/System/Library/Java/Extensions/j3dutils.jar:/System/Library/Java/Extensions/jai_codec.jar:/System/Library/Java/Extensions/jai_core.jar:/System/Library/Java/Extensions/mlibwrapper_jai.jar:/System/Library/Java/Extensions/MRJToolkit.jar:/System/Library/Java/Extensions/QTJava.zip:/System/Library/Java/Extensions/vecmath.jar:/System/Library/Java/JavaVirtualMachines/1.6.0.jdk/Contents/Home/lib/ext/apple_provider.jar:/System/Library/Java/JavaVirtualMachines/1.6.0.jdk/Contents/Home/lib/ext/dnsns.jar:/System/Library/Java/JavaVirtualMachines/1.6.0.jdk/Contents/Home/lib/ext/localedata.jar:/System/Library/Java/JavaVirtualMachines/1.6.0.jdk/Contents/Home/lib/ext/sunjce_provider.jar:/System/Library/Java/JavaVirtualMachines/1.6.0.jdk/Contents/Home/lib/ext/sunpkcs11.jar
  Application Classpath   = /Applications/NetBeans/NetBeans 7.2.app/Contents/Resources/NetBeans/platform/lib/boot.jar:/Applications/NetBeans/NetBeans 7.2.app/Contents/Resources/NetBeans/platform/lib/org-openide-modules.jar:/Applications/NetBeans/NetBeans 7.2.app/Contents/Resources/NetBeans/platform/lib/org-openide-util-lookup.jar:/Applications/NetBeans/NetBeans 7.2.app/Contents/Resources/NetBeans/platform/lib/org-openide-util.jar:/Applications/NetBeans/NetBeans 7.2.app/Contents/Resources/NetBeans/platform/lib/locale/boot_ja.jar:/Applications/NetBeans/NetBeans 7.2.app/Contents/Resources/NetBeans/platform/lib/locale/boot_pt_BR.jar:/Applications/NetBeans/NetBeans 7.2.app/Contents/Resources/NetBeans/platform/lib/locale/boot_ru.jar:/Applications/NetBeans/NetBeans 7.2.app/Contents/Resources/NetBeans/platform/lib/locale/boot_zh_CN.jar:/Applications/NetBeans/NetBeans 7.2.app/Contents/Resources/NetBeans/platform/lib/locale/org-openide-modules_ja.jar:/Applications/NetBeans/NetBeans 7.2.app/Contents/Resources/NetBeans/platform/lib/locale/org-openide-modules_pt_BR.jar:/Applications/NetBeans/NetBeans 7.2.app/Contents/Resources/NetBeans/platform/lib/locale/org-openide-modules_ru.jar:/Applications/NetBeans/NetBeans 7.2.app/Contents/Resources/NetBeans/platform/lib/locale/org-openide-modules_zh_CN.jar:/Applications/NetBeans/NetBeans 7.2.app/Contents/Resources/NetBeans/platform/lib/locale/org-openide-util-lookup_ja.jar:/Applications/NetBeans/NetBeans 7.2.app/Contents/Resources/NetBeans/platform/lib/locale/org-openide-util-lookup_pt_BR.jar:/Applications/NetBeans/NetBeans 7.2.app/Contents/Resources/NetBeans/platform/lib/locale/org-openide-util-lookup_ru.jar:/Applications/NetBeans/NetBeans 7.2.app/Contents/Resources/NetBeans/platform/lib/locale/org-openide-util-lookup_zh_CN.jar:/Applications/NetBeans/NetBeans 7.2.app/Contents/Resources/NetBeans/platform/lib/locale/org-openide-util_ja.jar:/Applications/NetBeans/NetBeans 7.2.app/Contents/Resources/NetBeans/platform/lib/locale/org-openide-util_pt_BR.jar:/Applications/NetBeans/NetBeans 7.2.app/Contents/Resources/NetBeans/platform/lib/locale/org-openide-util_ru.jar:/Applications/NetBeans/NetBeans 7.2.app/Contents/Resources/NetBeans/platform/lib/locale/org-openide-util_zh_CN.jar:/System/Library/Java/JavaVirtualMachines/1.6.0.jdk/Contents/Home/lib/dt.jar
  Startup Classpath       = /Applications/NetBeans/NetBeans 7.2.app/Contents/Resources/NetBeans/platform/core/core.jar:/Applications/NetBeans/NetBeans 7.2.app/Contents/Resources/NetBeans/platform/core/org-openide-filesystems.jar:/Applications/NetBeans/NetBeans 7.2.app/Contents/Resources/NetBeans/platform/core/locale/core_ja.jar:/Applications/NetBeans/NetBeans 7.2.app/Contents/Resources/NetBeans/platform/core/locale/core_pt_BR.jar:/Applications/NetBeans/NetBeans 7.2.app/Contents/Resources/NetBeans/platform/core/locale/core_ru.jar:/Applications/NetBeans/NetBeans 7.2.app/Contents/Resources/NetBeans/platform/core/locale/core_zh_CN.jar:/Applications/NetBeans/NetBeans 7.2.app/Contents/Resources/NetBeans/platform/core/locale/org-openide-filesystems_ja.jar:/Applications/NetBeans/NetBeans 7.2.app/Contents/Resources/NetBeans/platform/core/locale/org-openide-filesystems_pt_BR.jar:/Applications/NetBeans/NetBeans 7.2.app/Contents/Resources/NetBeans/platform/core/locale/org-openide-filesystems_ru.jar:/Applications/NetBeans/NetBeans 7.2.app/Contents/Resources/NetBeans/platform/core/locale/org-openide-filesystems_zh_CN.jar:/Users/antonepple/NetBeansProjects/netbeans-examples/Window System API/Undocked Window/build/cluster/core/locale/core_undocked_window.jar
-------------------------------------------------------------------------------
WARNING [org.netbeans.core.projects.cache]: Inefficient to include an empty layer in a module: jar:file:/Users/antonepple/NetBeansProjects/netbeans-examples/Window%20System%20API/Undocked%20Window/build/cluster/modules/de-eppleton-nbexamples-ws-undocked.jar!/de/eppleton/nbexamples/ws/undocked/layer.xml
INFO [org.netbeans.core.startup.NbEvents]: Turning on modules:
	org.openide.util.lookup [8.15.1 201207171143]
	org.openide.util [8.25.1 201207171143]
	org.openide.modules [7.32.1 201207171143]
	org.openide.filesystems [7.62.1 201207171143]
	org.netbeans.api.annotations.common/1 [1.14.1 201207171143]
	org.openide.awt [7.46.1 201207171143]
	org.netbeans.api.progress/1 [1.28.1 201207171143]
	org.openide.dialogs [7.25.1 201207171143]
	org.openide.nodes [7.28.1 201207171143]
	org.openide.windows [6.55.1 201207171143]
	org.netbeans.modules.editor.mimelookup/1 [1.26.1 201207171143]
	org.openide.text [6.49.1 201207171143]
	org.netbeans.swing.tabcontrol [1.36.1 201207171143]
	org.netbeans.swing.outline [1.20.1 201207171143]
	org.openide.explorer [6.45.1 201207171143]
	org.openide.actions [6.26.1 201207171143]
	org.netbeans.modules.queries/1 [1.28.1 201207171143]
	org.openide.loaders [7.37.1 201207171143]
	org.openide.io [1.31.1 201207171143]
	org.netbeans.swing.plaf [1.25.1 201207171143]
	org.netbeans.spi.quicksearch [1.14.1 201207171143]
	org.netbeans.bootstrap/1 [2.52.1 201207171143]
	org.netbeans.core.startup/1 [1.40.1 201207171143]
	org.netbeans.modules.settings/1 [1.35.1 201207171143]
	org.netbeans.modules.sampler [1.1.1 201207171143]
	org.netbeans.modules.progress.ui [1.20.1 201207171143]
	org.netbeans.modules.print [7.13.1 201207171143]
	org.netbeans.modules.keyring [1.11.1 201207171143]
	org.netbeans.core/2 [3.33.1 201207171143]
	org.netbeans.modules.options.api/1 [1.26.1 201207171143]
	org.netbeans.modules.options.keymap [1.19.1 201207171143]
	org.netbeans.modules.masterfs/2 [2.38.1 201207171143]
	org.netbeans.libs.jna/1 [1.21.1 201207171143]
	org.netbeans.modules.masterfs.macosx [1.1.1 201207171143]
	org.netbeans.modules.keyring.impl [1.7.1 201207171143]
	org.netbeans.modules.editor.mimelookup.impl/1 [1.18.1 201207171143]
	org.netbeans.core.windows/2 [2.49.1 201207171143]
	org.netbeans.modules.applemenu/1 [1.24.1 201207171143]
	org.netbeans.libs.osgi [1.9.1 201207171143]
	org.netbeans.libs.felix [2.3.1 201207171143]
	org.netbeans.core.ui/1 [1.31.1 201207171143]
	org.netbeans.core.output2/1 [1.26.1 201207171143]
	org.netbeans.core.netigso [1.16.1 201207171143]
	org.netbeans.core.nativeaccess/1 [1.16.1 201207171143]
	org.netbeans.core.io.ui/1 [1.16.1 201207171143]
	de.eppleton.nbexamples.ws.undocked [1.0 120912]
